<?xml version="1.0" encoding="UTF-8"?>
<!-- Generated by org.testng.reporters.JUnitReportReporter -->
<testsuite hostname="DESKTOP-BIB7V58" failures="0" tests="5" name="TC02_Register_Test" time="41.988" errors="0" timestamp="2025-03-05T14:24:02 IST" skipped="0">
  <testcase classname="TC02_Register_Test" name="validateUserIsUnableToRegister_WithPartialData" time="8.314"/>
  <system-out/>
  <testcase classname="TC02_Register_Test" name="validateUserIsUnableToRegister_WithExistingEmailId" time="10.200"/>
  <system-out/>
  <testcase classname="TC02_Register_Test" name="validateUserIsUnableToRegister_WithoutCheckingPrivacyPolicy" time="7.560"/>
  <system-out/>
  <testcase classname="TC02_Register_Test" name="validateUserIsAbleToRegister" time="8.715"/>
  <system-out/>
  <testcase classname="TC02_Register_Test" name="checkComponentVisibility" time="7.199"/>
  <system-out/>
</testsuite> <!-- TC02_Register_Test -->
