<?xml version="1.0" encoding="UTF-8"?>
<!-- Generated by org.testng.reporters.JUnitReportReporter -->
<testsuite hostname="DESKTOP-BIB7V58" failures="0" tests="7" name="TC05_MyAccount" time="71.529" errors="0" timestamp="2025-03-06T14:49:56 IST" skipped="0">
  <testcase classname="TC05_MyAccount" name="validateUserIsAbleToGetAddressPage" time="10.896"/>
  <system-out/>
  <testcase classname="TC05_MyAccount" name="validateUserIsAbleToLogout" time="9.804"/>
  <system-out/>
  <testcase classname="TC05_MyAccount" name="validateUserIsAbleToGetMyAccountPage" time="9.087"/>
  <system-out/>
  <testcase classname="TC05_MyAccount" name="validateUserIsAbleToGetWishlistPage" time="10.551"/>
  <system-out/>
  <testcase classname="TC05_MyAccount" name="validateUserIsAbleToGetEditProfilePage" time="11.552"/>
  <system-out/>
  <testcase classname="TC05_MyAccount" name="validateUserIsAbleToGetChangePasswordPage" time="9.618"/>
  <system-out/>
  <testcase classname="TC05_MyAccount" name="validateUserIsAbleToGetOrderHistoryPage" time="10.021"/>
  <system-out/>
</testsuite> <!-- TC05_MyAccount -->
