<?xml version="1.0" encoding="UTF-8"?>
<!-- Generated by org.testng.reporters.JUnitReportReporter -->
<testsuite hostname="DESKTOP-BIB7V58" failures="0" tests="1" name="TC11_AddToCart_Test" time="27.516" errors="0" timestamp="2025-03-27T16:37:12 IST" skipped="0">
  <testcase classname="TC11_AddToCart_Test" name="validateUserIsAbleToEditItemQuantity_FromCartPage" time="27.516"/>
  <system-out/>
</testsuite> <!-- TC11_AddToCart_Test -->
