<?xml version="1.0" encoding="UTF-8"?>
<!-- Generated by org.testng.reporters.JUnitReportReporter -->
<testsuite hostname="DESKTOP-BIB7V58" failures="0" tests="1" name="TC08_AddAddress" time="25.844" errors="0" timestamp="2025-03-12T16:12:14 IST" skipped="0">
  <testcase classname="TC08_AddAddress" name="validateUserIsAbleToAddNewAddress_withValidData" time="25.844"/>
  <system-out/>
</testsuite> <!-- TC08_AddAddress -->
