<?xml version="1.0" encoding="UTF-8"?>
<!-- Generated by org.testng.reporters.JUnitReportReporter -->
<testsuite hostname="DESKTOP-BIB7V58" failures="0" tests="1" name="Testng.Parent" time="0.006" errors="0" timestamp="2025-02-28T17:46:49 IST" skipped="0">
  <testcase classname="Testng.Parent" name="helloParent" time="0.006"/>
  <system-out/>
</testsuite> <!-- Testng.Parent -->
