<?xml version="1.0" encoding="UTF-8"?>
<!-- Generated by org.testng.reporters.JUnitReportReporter -->
<testsuite hostname="DESKTOP-BIB7V58" failures="0" tests="1" name="TC09_EditDeleteAddress" time="17.939" errors="0" timestamp="2025-03-13T15:59:10 IST" skipped="0">
  <testcase classname="TC09_EditDeleteAddress" name="validateUserIsUnableToDeleteAddress_IfOnlyOneAvailable" time="17.939"/>
  <system-out/>
</testsuite> <!-- TC09_EditDeleteAddress -->
