<?xml version="1.0" encoding="UTF-8"?>
<!-- Generated by org.testng.reporters.JUnitReportReporter -->
<testsuite hostname="DESKTOP-BIB7V58" failures="0" tests="1" name="TC06_EditProfile_Test" time="11.727" errors="0" timestamp="2025-03-06T16:31:38 IST" skipped="0">
  <testcase classname="TC06_EditProfile_Test" name="validateUserIsUnableToEditProfile_WithInvalidEmail" time="11.727"/>
  <system-out/>
</testsuite> <!-- TC06_EditProfile_Test -->
