<?xml version="1.0" encoding="UTF-8"?>
<!-- Generated by org.testng.reporters.JUnitReportReporter -->
<testsuite hostname="DESKTOP-BIB7V58" failures="0" tests="6" name="TC07_ChangePassword" time="99.544" errors="0" timestamp="2025-03-07T15:56:01 IST" skipped="0">
  <testcase classname="TC07_ChangePassword" name="validateUserIsUnableToChangePassword_WithDifferentPassword" time="16.693"/>
  <system-out/>
  <testcase classname="TC07_ChangePassword" name="validateUserIsUnableToChangePassword_WithEmptyFields" time="15.991"/>
  <system-out/>
  <testcase classname="TC07_ChangePassword" name="validateUserIsAbleToGetChangePasswordField" time="16.011"/>
  <system-out/>
  <testcase classname="TC07_ChangePassword" name="validateUserIsUnableToChangePassword_WithLessNoOfCharInPassword" time="16.126"/>
  <system-out/>
  <testcase classname="TC07_ChangePassword" name="validateUserIsAbleToChangePassword" time="17.486"/>
  <system-out/>
  <testcase classname="TC07_ChangePassword" name="validateUserIsAbleToGoBackToMyAccountPage" time="17.237"/>
  <system-out/>
</testsuite> <!-- TC07_ChangePassword -->
