<?xml version="1.0" encoding="UTF-8"?>
<!-- Generated by org.testng.reporters.JUnitReportReporter -->
<testsuite hostname="DESKTOP-BIB7V58" failures="0" tests="2" name="Testng.Child" time="0.013" errors="0" timestamp="2025-02-28T17:50:58 IST" skipped="0">
  <testcase classname="Testng.Child" name="helloParent" time="0.007"/>
  <system-out/>
  <testcase classname="Testng.Child" name="helloChild" time="0.006"/>
  <system-out/>
</testsuite> <!-- Testng.Child -->
