<?xml version="1.0" encoding="UTF-8"?>
<!-- Generated by org.testng.reporters.JUnitReportReporter -->
<testsuite hostname="DESKTOP-BIB7V58" failures="1" tests="6" name="TC10_WishList_Test" time="138.552" errors="0" timestamp="2025-03-21T16:51:00 IST" skipped="0">
  <testcase classname="TC10_WishList_Test" name="validate3UserIsAbleToAddItemInWishlist_FromItemPage" time="37.144"/>
  <system-out/>
  <testcase classname="TC10_WishList_Test" name="validate4UserIsAbleToRemoveFromWishlist" time="13.990"/>
  <system-out/>
  <testcase classname="TC10_WishList_Test" name="validateUserIsUnableToSeeWishlist_WithoutLogin" time="8.047"/>
  <system-out/>
  <testcase classname="TC10_WishList_Test" name="validate1UserIsAbleToAddItemInWishlist_FromAllItemPage" time="33.703"/>
  <system-out/>
  <testcase classname="TC10_WishList_Test" name="validate2UserIsAbleToRemoveFromWishlist_AfterDeselectingIcon" time="30.469"/>
  <system-out/>
  <testcase classname="TC10_WishList_Test" name="validateUserIsUnableToAddItemIntoWishlist_WithoutLogin" time="15.199">
    <failure message="Locator expected to be visible
Call log:
  - Locator.expect with timeout 5000ms
  - waiting for locator(&quot;#notification-box-top&quot;)
    9 × locator resolved to &lt;div id=&quot;notification-box-top&quot;&gt;&lt;/div&gt;
      - unexpected value &quot;hidden&quot;" type="org.opentest4j.AssertionFailedError">
      <![CDATA[org.opentest4j.AssertionFailedError: Locator expected to be visible
Call log:
  - Locator.expect with timeout 5000ms
  - waiting for locator("#notification-box-top")
    9 × locator resolved to <div id="notification-box-top"></div>
      - unexpected value "hidden"
at com.microsoft.playwright.impl.AssertionsBase.expectImpl(AssertionsBase.java:69)
at com.microsoft.playwright.impl.AssertionsBase.expectImpl(AssertionsBase.java:51)
at com.microsoft.playwright.impl.LocatorAssertionsImpl.expectTrue(LocatorAssertionsImpl.java:402)
at com.microsoft.playwright.impl.LocatorAssertionsImpl.isVisible(LocatorAssertionsImpl.java:397)
at com.microsoft.playwright.assertions.LocatorAssertions.isVisible(LocatorAssertions.java:782)
at generalLib.UtilityMethod.isVisible(UtilityMethod.java:29)
at TC10_WishList_Test.validateUserIsUnableToAddItemIntoWishlist_WithoutLogin(TC10_WishList_Test.java:97)
at java.base/jdk.internal.reflect.NativeMethodAccessorImpl.invoke0(Native Method)
at java.base/jdk.internal.reflect.NativeMethodAccessorImpl.invoke(NativeMethodAccessorImpl.java:77)
at java.base/jdk.internal.reflect.DelegatingMethodAccessorImpl.invoke(DelegatingMethodAccessorImpl.java:43)
at java.base/java.lang.reflect.Method.invoke(Method.java:568)
at org.testng.internal.MethodInvocationHelper.invokeMethod(MethodInvocationHelper.java:133)
at org.testng.internal.TestInvoker.invokeMethod(TestInvoker.java:598)
at org.testng.internal.TestInvoker.invokeTestMethod(TestInvoker.java:173)
at org.testng.internal.MethodRunner.runInSequence(MethodRunner.java:46)
at org.testng.internal.TestInvoker$MethodInvocationAgent.invoke(TestInvoker.java:824)
at org.testng.internal.TestInvoker.invokeTestMethods(TestInvoker.java:146)
at org.testng.internal.TestMethodWorker.invokeTestMethods(TestMethodWorker.java:146)
at org.testng.internal.TestMethodWorker.run(TestMethodWorker.java:128)
at java.base/java.util.ArrayList.forEach(ArrayList.java:1511)
at org.testng.TestRunner.privateRun(TestRunner.java:794)
at org.testng.TestRunner.run(TestRunner.java:596)
at org.testng.SuiteRunner.runTest(SuiteRunner.java:377)
at org.testng.SuiteRunner.runSequentially(SuiteRunner.java:371)
at org.testng.SuiteRunner.privateRun(SuiteRunner.java:332)
at org.testng.SuiteRunner.run(SuiteRunner.java:276)
at org.testng.SuiteRunnerWorker.runSuite(SuiteRunnerWorker.java:53)
at org.testng.SuiteRunnerWorker.run(SuiteRunnerWorker.java:96)
at org.testng.TestNG.runSuitesSequentially(TestNG.java:1212)
at org.testng.TestNG.runSuitesLocally(TestNG.java:1134)
at org.testng.TestNG.runSuites(TestNG.java:1063)
at org.testng.TestNG.run(TestNG.java:1031)
at org.testng.remote.AbstractRemoteTestNG.run(AbstractRemoteTestNG.java:115)
at org.testng.remote.RemoteTestNG.initAndRun(RemoteTestNG.java:251)
at org.testng.remote.RemoteTestNG.main(RemoteTestNG.java:77)
]]>
    </failure>
  </testcase> <!-- validateUserIsUnableToAddItemIntoWishlist_WithoutLogin -->
  <system-out/>
</testsuite> <!-- TC10_WishList_Test -->
