<?xml version="1.0" encoding="UTF-8"?>
<!-- Generated by org.testng.reporters.JUnitReportReporter -->
<testsuite hostname="DESKTOP-BIB7V58" failures="0" tests="1" name="TC06_EditProfile_Test" time="20.002" errors="0" timestamp="2025-03-07T14:04:00 IST" skipped="0">
  <testcase classname="TC06_EditProfile_Test" name="validateUserIsUnableToEditProfile_WithInvalidEmail" time="20.002"/>
  <system-out/>
</testsuite> <!-- TC06_EditProfile_Test -->
