<?xml version="1.0" encoding="UTF-8"?>
<!-- Generated by org.testng.reporters.JUnitReportReporter -->
<testsuite hostname="DESKTOP-BIB7V58" failures="0" tests="6" name="TC01_Login_Test" time="46.324" errors="0" timestamp="2025-03-04T16:44:43 IST" skipped="0">
  <testcase classname="TC01_Login_Test" name="validateUserIsAbleToLogin" time="8.353"/>
  <system-out/>
  <testcase classname="TC01_Login_Test" name="validateUserIsUnableToLogin_WithOnlyPasswordCredential" time="7.799"/>
  <system-out/>
  <testcase classname="TC01_Login_Test" name="validateUserIsUnableToLogin_WithWrongCredential" time="8.066"/>
  <system-out/>
  <testcase classname="TC01_Login_Test" name="validateUserIsUnableToLogin_WithoutCredential" time="7.113"/>
  <system-out/>
  <testcase classname="TC01_Login_Test" name="validateUserIsUnableToLogin_WithOnlyUsernameCredential" time="7.793"/>
  <system-out/>
  <testcase classname="TC01_Login_Test" name="checkComponentVisibility" time="7.200"/>
  <system-out/>
</testsuite> <!-- TC01_Login_Test -->
