<?xml version="1.0" encoding="UTF-8"?>
<!-- Generated by org.testng.reporters.JUnitReportReporter -->
<testsuite hostname="DESKTOP-BIB7V58" failures="0" tests="2" name="TC04_RegisterFromLoginPage_Test" time="17.227" errors="0" timestamp="2025-03-06T14:48:06 IST" skipped="0">
  <testcase classname="TC04_RegisterFromLoginPage_Test" name="validateUserIsAbleToGetRegisterLinkOnLoginPage" time="6.980"/>
  <system-out/>
  <testcase classname="TC04_RegisterFromLoginPage_Test" name="validateUserIsAbleToRegisterFromLoginPage" time="10.247"/>
  <system-out/>
</testsuite> <!-- TC04_RegisterFromLoginPage_Test -->
