<?xml version="1.0" encoding="UTF-8"?>
<!-- Generated by org.testng.reporters.JUnitReportReporter -->
<testsuite hostname="DESKTOP-BIB7V58" failures="0" tests="1" name="TC04_RegisterFromLoginPage_Test" time="8.741" errors="0" timestamp="2025-02-28T14:13:50 IST" skipped="0">
  <testcase classname="TC04_RegisterFromLoginPage_Test" name="validateUserIsAbleToRegisterFromLoginPage" time="8.741"/>
  <system-out/>
</testsuite> <!-- TC04_RegisterFromLoginPage_Test -->
