<?xml version="1.0" encoding="UTF-8"?>
<!-- Generated by org.testng.reporters.JUnitReportReporter -->
<testsuite hostname="DESKTOP-BIB7V58" failures="0" tests="4" name="TC03_ForgotPassword_Test" time="34.618" errors="0" timestamp="2025-03-05T15:34:00 IST" skipped="0">
  <testcase classname="TC03_ForgotPassword_Test" name="validateUserIsUnableToDoForgotPassword_withInvalidEmail" time="9.385"/>
  <system-out/>
  <testcase classname="TC03_ForgotPassword_Test" name="validateUserIsAbleToDoForgotPassword" time="10.209"/>
  <system-out/>
  <testcase classname="TC03_ForgotPassword_Test" name="checkComponentVisibilty" time="6.559"/>
  <system-out/>
  <testcase classname="TC03_ForgotPassword_Test" name="checkTheNavigationPage" time="8.465"/>
  <system-out/>
</testsuite> <!-- TC03_ForgotPassword_Test -->
